<?xml version="1.0" encoding="UTF-8"?>
<!-- Generated by org.testng.reporters.JUnitXMLReporter -->
<testsuite ignored="0" hostname="DESKTOP-I0Q3M48" failures="1" tests="1" name="Procurement Test" time="1.83" errors="0" timestamp="2025-07-03T10:45:14 IST">
  <testcase classname="ProcurementAllPagesUpdatedTestNG.MainProcurementUpdated" name="NewEnquiry" time="1.428">
    <failure type="java.lang.NullPointerException" message="Cannot invoke &amp;quot;org.openqa.selenium.WebDriver.get(String)&amp;quot; because &amp;quot;this.driver&amp;quot; is null">
      <![CDATA[java.lang.NullPointerException: Cannot invoke "org.openqa.selenium.WebDriver.get(String)" because "this.driver" is null
at ProcurementAllPagesUpdatedTestNG.MainProcurementUpdated.NewEnquiry(MainProcurementUpdated.java:68)
at java.base/java.util.ArrayList.forEach(ArrayList.java:1511)
... Removed 27 stack frames]]>
    </failure>
  </testcase> <!-- NewEnquiry -->
</testsuite> <!-- Procurement Test -->
