<?xml version="1.0" encoding="UTF-8"?>
<!-- Generated by org.testng.reporters.JUnitXMLReporter -->
<testsuite ignored="0" hostname="DESKTOP-I0Q3M48" failures="1" tests="1" name="Test" time="57.802" errors="0" timestamp="2026-02-18T15:26:02 IST">
  <testcase classname="ProcurementHeadless.MainClass" name="NewEnquiry" time="55.589">
    <failure type="java.lang.NullPointerException" message="Cannot invoke &amp;quot;org.apache.poi.ss.usermodel.Row.getCell(int)&amp;quot; because &amp;quot;row&amp;quot; is null">
      <![CDATA[java.lang.NullPointerException: Cannot invoke "org.apache.poi.ss.usermodel.Row.getCell(int)" because "row" is null
at ProcurementHeadless.MainClass.NewEnquiry(MainClass.java:93)
at java.base/java.util.ArrayList.forEach(ArrayList.java:1511)
... Removed 27 stack frames]]>
    </failure>
  </testcase> <!-- NewEnquiry -->
</testsuite> <!-- Test -->
