<?xml version="1.0" encoding="UTF-8"?>
<testng-results ignored="0" total="1" passed="1" failed="0" skipped="0">
  <reporter-output>
  </reporter-output>
  <suite started-at="2026-02-18T16:54:57 IST" name="Default suite" finished-at="2026-02-18T16:55:13 IST" duration-ms="15284">
    <groups>
    </groups>
    <test started-at="2026-02-18T16:54:57 IST" name="Default test" finished-at="2026-02-18T16:55:13 IST" duration-ms="15284">
      <class name="ProcurementHeadless.MainClass">
        <test-method is-config="true" signature="init()[pri:0, instance:ProcurementHeadless.MainClass@32502377]" started-at="2026-02-18T16:54:57 IST" name="init" finished-at="2026-02-18T16:55:00 IST" duration-ms="2231" status="PASS">
          <reporter-output>
          </reporter-output>
        </test-method> <!-- init -->
        <test-method signature="NewEnquiry()[pri:0, instance:ProcurementHeadless.MainClass@32502377]" started-at="2026-02-18T16:55:00 IST" name="NewEnquiry" finished-at="2026-02-18T16:55:12 IST" duration-ms="12545" status="PASS">
          <reporter-output>
          </reporter-output>
        </test-method> <!-- NewEnquiry -->
        <test-method is-config="true" signature="tearDown()[pri:0, instance:ProcurementHeadless.MainClass@32502377]" started-at="2026-02-18T16:55:12 IST" name="tearDown" finished-at="2026-02-18T16:55:13 IST" duration-ms="459" status="PASS">
          <reporter-output>
          </reporter-output>
        </test-method> <!-- tearDown -->
      </class> <!-- ProcurementHeadless.MainClass -->
    </test> <!-- Default test -->
  </suite> <!-- Default suite -->
</testng-results>
