<?xml version="1.0" encoding="UTF-8"?>
<!-- Generated by org.testng.reporters.JUnitXMLReporter -->
<testsuite ignored="0" hostname="DESKTOP-I0Q3M48" failures="1" tests="1" name="Test" time="9.929" errors="0" timestamp="2025-07-03T10:45:04 IST">
  <testcase classname="ABCPackage.mainClass" name="test" time="5.863">
    <failure type="java.lang.AssertionError" message="expected [Banyan Tree - UAT -] but found [Banyan Tree -]">
      <![CDATA[java.lang.AssertionError: expected [Banyan Tree - UAT -] but found [Banyan Tree -]
at ABCPackage.mainClass.test(mainClass.java:51)
at java.base/java.util.ArrayList.forEach(ArrayList.java:1511)
... Removed 33 stack frames]]>
    </failure>
  </testcase> <!-- test -->
</testsuite> <!-- Test -->
